app/build/intermediates/manifest_merge_blame_file/debug/manifest-merger-blame-debug-report.txt
1<?xml version="1.0" encoding="utf-8"?>
2<manifest xmlns:android="http://schemas.android.com/apk/res/android"
3    package="com.impax.mgeni"
4    android:versionCode="1"
5    android:versionName="1.0" >
6
7    <uses-sdk
8        android:minSdkVersion="23"
8-->src\main\AndroidManifest.xml
9        android:targetSdkVersion="33" />
9-->src\main\AndroidManifest.xml
10
11    <uses-permission android:name="android.permission.INTERNET" />
11-->src\main\AndroidManifest.xml:5:5-67
11-->src\main\AndroidManifest.xml:5:22-64
12    <uses-permission android:name="android.permission.CAMERA" />
12-->src\main\AndroidManifest.xml:6:5-65
12-->src\main\AndroidManifest.xml:6:22-62
13    <uses-permission android:name="android.permission.WRITE_EXTERNAL_STORAGE" />
13-->src\main\AndroidManifest.xml:7:5-9:40
13-->src\main\AndroidManifest.xml:8:9-65
14    <uses-permission android:name="android.permission.ACCESS_NETWORK_STATE" />
14-->[com.google.mlkit:entity-extraction:16.0.0-beta4] AndroidManifest.xml:7:5-79
14-->[com.google.mlkit:entity-extraction:16.0.0-beta4] AndroidManifest.xml:7:22-76
15
16    <queries>
16-->[androidx.camera:camera-extensions:1.1.0-beta03] AndroidManifest.xml:24:5-28:15
17        <intent>
17-->[androidx.camera:camera-extensions:1.1.0-beta03] AndroidManifest.xml:25:9-27:18
18            <action android:name="androidx.camera.extensions.action.VENDOR_ACTION" />
18-->[androidx.camera:camera-extensions:1.1.0-beta03] AndroidManifest.xml:26:13-86
18-->[androidx.camera:camera-extensions:1.1.0-beta03] AndroidManifest.xml:26:21-83
19        </intent>
20    </queries>
21
22    <uses-permission android:name="android.permission.WAKE_LOCK" />
22-->[androidx.work:work-runtime:2.7.0] AndroidManifest.xml:25:5-68
22-->[androidx.work:work-runtime:2.7.0] AndroidManifest.xml:25:22-65
23    <uses-permission android:name="android.permission.RECEIVE_BOOT_COMPLETED" />
23-->[androidx.work:work-runtime:2.7.0] AndroidManifest.xml:27:5-81
23-->[androidx.work:work-runtime:2.7.0] AndroidManifest.xml:27:22-78
24    <uses-permission android:name="android.permission.FOREGROUND_SERVICE" />
24-->[androidx.work:work-runtime:2.7.0] AndroidManifest.xml:28:5-77
24-->[androidx.work:work-runtime:2.7.0] AndroidManifest.xml:28:22-74
25
26    <permission
26-->[androidx.core:core:1.9.0] AndroidManifest.xml:22:5-24:47
27        android:name="com.impax.mgeni.DYNAMIC_RECEIVER_NOT_EXPORTED_PERMISSION"
27-->[androidx.core:core:1.9.0] AndroidManifest.xml:23:9-81
28        android:protectionLevel="signature" />
28-->[androidx.core:core:1.9.0] AndroidManifest.xml:24:9-44
29
30    <uses-permission android:name="com.impax.mgeni.DYNAMIC_RECEIVER_NOT_EXPORTED_PERMISSION" />
30-->[androidx.core:core:1.9.0] AndroidManifest.xml:26:5-97
30-->[androidx.core:core:1.9.0] AndroidManifest.xml:26:22-94
31
32    <application
32-->src\main\AndroidManifest.xml:11:5-101:19
33        android:allowBackup="true"
33-->src\main\AndroidManifest.xml:12:9-35
34        android:appComponentFactory="androidx.core.app.CoreComponentFactory"
34-->[androidx.core:core:1.9.0] AndroidManifest.xml:28:18-86
35        android:dataExtractionRules="@xml/data_extraction_rules"
35-->src\main\AndroidManifest.xml:13:9-65
36        android:debuggable="true"
37        android:extractNativeLibs="false"
38        android:fullBackupContent="@xml/backup_rules"
38-->src\main\AndroidManifest.xml:14:9-54
39        android:icon="@mipmap/logo"
39-->src\main\AndroidManifest.xml:15:9-36
40        android:label="@string/app_name"
40-->src\main\AndroidManifest.xml:16:9-41
41        android:roundIcon="@mipmap/logo"
41-->src\main\AndroidManifest.xml:17:9-41
42        android:supportsRtl="true"
42-->src\main\AndroidManifest.xml:18:9-35
43        android:testOnly="true"
44        android:theme="@style/Theme.Mgeni"
44-->src\main\AndroidManifest.xml:19:9-43
45        android:usesCleartextTraffic="true" >
45-->src\main\AndroidManifest.xml:20:9-44
46        <activity
46-->src\main\AndroidManifest.xml:22:9-28:20
47            android:name="com.impax.mgeni.checkout.CheckOutActivity"
47-->src\main\AndroidManifest.xml:23:13-54
48            android:exported="false" >
48-->src\main\AndroidManifest.xml:24:13-37
49            <meta-data
49-->src\main\AndroidManifest.xml:25:13-27:36
50                android:name="android.app.lib_name"
50-->src\main\AndroidManifest.xml:26:17-52
51                android:value="" />
51-->src\main\AndroidManifest.xml:27:17-33
52        </activity>
53        <activity
53-->src\main\AndroidManifest.xml:29:9-35:20
54            android:name="com.impax.mgeni.home.HomePage"
54-->src\main\AndroidManifest.xml:30:13-42
55            android:exported="false" >
55-->src\main\AndroidManifest.xml:31:13-37
56            <meta-data
56-->src\main\AndroidManifest.xml:25:13-27:36
57                android:name="android.app.lib_name"
57-->src\main\AndroidManifest.xml:26:17-52
58                android:value="" />
58-->src\main\AndroidManifest.xml:27:17-33
59        </activity>
60        <activity
60-->src\main\AndroidManifest.xml:36:9-42:20
61            android:name="com.impax.mgeni.checkin.CheckInActivity"
61-->src\main\AndroidManifest.xml:37:13-52
62            android:exported="false" >
62-->src\main\AndroidManifest.xml:38:13-37
63            <meta-data
63-->src\main\AndroidManifest.xml:25:13-27:36
64                android:name="android.app.lib_name"
64-->src\main\AndroidManifest.xml:26:17-52
65                android:value="" />
65-->src\main\AndroidManifest.xml:27:17-33
66        </activity>
67        <activity
67-->src\main\AndroidManifest.xml:43:9-49:20
68            android:name="com.impax.mgeni.ocr.OCRActivity"
68-->src\main\AndroidManifest.xml:44:13-44
69            android:exported="false" >
69-->src\main\AndroidManifest.xml:45:13-37
70            <meta-data
70-->src\main\AndroidManifest.xml:25:13-27:36
71                android:name="android.app.lib_name"
71-->src\main\AndroidManifest.xml:26:17-52
72                android:value="" />
72-->src\main\AndroidManifest.xml:27:17-33
73        </activity>
74        <activity
74-->src\main\AndroidManifest.xml:50:9-56:20
75            android:name="com.impax.mgeni.ocr.MainMrzActivity"
75-->src\main\AndroidManifest.xml:51:13-48
76            android:exported="false" >
76-->src\main\AndroidManifest.xml:52:13-37
77            <meta-data
77-->src\main\AndroidManifest.xml:25:13-27:36
78                android:name="android.app.lib_name"
78-->src\main\AndroidManifest.xml:26:17-52
79                android:value="" />
79-->src\main\AndroidManifest.xml:27:17-33
80        </activity>
81        <activity
81-->src\main\AndroidManifest.xml:57:9-63:20
82            android:name="com.impax.mgeni.profile.ProfileActivity"
82-->src\main\AndroidManifest.xml:58:13-52
83            android:exported="false" >
83-->src\main\AndroidManifest.xml:59:13-37
84            <meta-data
84-->src\main\AndroidManifest.xml:25:13-27:36
85                android:name="android.app.lib_name"
85-->src\main\AndroidManifest.xml:26:17-52
86                android:value="" />
86-->src\main\AndroidManifest.xml:27:17-33
87        </activity>
88        <activity
88-->src\main\AndroidManifest.xml:64:9-70:20
89            android:name="com.impax.mgeni.MainActivity"
89-->src\main\AndroidManifest.xml:65:13-41
90            android:exported="false" >
90-->src\main\AndroidManifest.xml:66:13-37
91            <meta-data
91-->src\main\AndroidManifest.xml:25:13-27:36
92                android:name="android.app.lib_name"
92-->src\main\AndroidManifest.xml:26:17-52
93                android:value="" />
93-->src\main\AndroidManifest.xml:27:17-33
94        </activity>
95        <activity
95-->src\main\AndroidManifest.xml:71:9-77:20
96            android:name="com.impax.mgeni.auth.OTPActivity"
96-->src\main\AndroidManifest.xml:72:13-45
97            android:exported="false" >
97-->src\main\AndroidManifest.xml:73:13-37
98            <meta-data
98-->src\main\AndroidManifest.xml:25:13-27:36
99                android:name="android.app.lib_name"
99-->src\main\AndroidManifest.xml:26:17-52
100                android:value="" />
100-->src\main\AndroidManifest.xml:27:17-33
101        </activity>
102        <activity
102-->src\main\AndroidManifest.xml:78:9-84:20
103            android:name="com.impax.mgeni.auth.PasswordActivity"
103-->src\main\AndroidManifest.xml:79:13-50
104            android:exported="false" >
104-->src\main\AndroidManifest.xml:80:13-37
105            <meta-data
105-->src\main\AndroidManifest.xml:25:13-27:36
106                android:name="android.app.lib_name"
106-->src\main\AndroidManifest.xml:26:17-52
107                android:value="" />
107-->src\main\AndroidManifest.xml:27:17-33
108        </activity>
109        <activity
109-->src\main\AndroidManifest.xml:85:9-100:20
110            android:name="com.impax.mgeni.auth.LoginActivity"
110-->src\main\AndroidManifest.xml:86:13-47
111            android:exported="true" >
111-->src\main\AndroidManifest.xml:87:13-36
112            <intent-filter>
112-->src\main\AndroidManifest.xml:88:13-92:29
113                <action android:name="android.intent.action.MAIN" />
113-->src\main\AndroidManifest.xml:89:17-69
113-->src\main\AndroidManifest.xml:89:25-66
114
115                <category android:name="android.intent.category.LAUNCHER" />
115-->src\main\AndroidManifest.xml:91:17-77
115-->src\main\AndroidManifest.xml:91:27-74
116            </intent-filter>
117
118            <meta-data
118-->src\main\AndroidManifest.xml:25:13-27:36
119                android:name="android.app.lib_name"
119-->src\main\AndroidManifest.xml:26:17-52
120                android:value="" />
120-->src\main\AndroidManifest.xml:27:17-33
121            <meta-data
121-->src\main\AndroidManifest.xml:97:13-99:75
122                android:name="com.google.android.gms.vision.APPLICATION_ID"
122-->src\main\AndroidManifest.xml:98:17-76
123                android:value="AIzaSyDuxzbCDfzrPNxiQNcXkF8b4HqGVZyGraY" />
123-->src\main\AndroidManifest.xml:99:17-72
124        </activity>
125
126        <service
126-->[com.google.firebase:firebase-auth-ktx:21.1.0] AndroidManifest.xml:8:9-14:19
127            android:name="com.google.firebase.components.ComponentDiscoveryService"
127-->[com.google.firebase:firebase-auth-ktx:21.1.0] AndroidManifest.xml:9:13-84
128            android:directBootAware="true"
128-->[com.google.firebase:firebase-common:20.2.0] AndroidManifest.xml:34:13-43
129            android:exported="false" >
129-->[com.google.firebase:firebase-auth-ktx:21.1.0] AndroidManifest.xml:10:13-37
130            <meta-data
130-->[com.google.firebase:firebase-auth-ktx:21.1.0] AndroidManifest.xml:11:13-13:85
131                android:name="com.google.firebase.components:com.google.firebase.auth.ktx.FirebaseAuthKtxRegistrar"
131-->[com.google.firebase:firebase-auth-ktx:21.1.0] AndroidManifest.xml:12:17-116
132                android:value="com.google.firebase.components.ComponentRegistrar" />
132-->[com.google.firebase:firebase-auth-ktx:21.1.0] AndroidManifest.xml:13:17-82
133            <meta-data
133-->[com.google.firebase:firebase-common-ktx:20.2.0] AndroidManifest.xml:14:13-16:85
134                android:name="com.google.firebase.components:com.google.firebase.ktx.FirebaseCommonKtxRegistrar"
134-->[com.google.firebase:firebase-common-ktx:20.2.0] AndroidManifest.xml:15:17-113
135                android:value="com.google.firebase.components.ComponentRegistrar" />
135-->[com.google.firebase:firebase-common-ktx:20.2.0] AndroidManifest.xml:16:17-82
136            <meta-data
136-->[com.google.firebase:firebase-auth:21.1.0] AndroidManifest.xml:67:13-69:85
137                android:name="com.google.firebase.components:com.google.firebase.auth.FirebaseAuthRegistrar"
137-->[com.google.firebase:firebase-auth:21.1.0] AndroidManifest.xml:68:17-109
138                android:value="com.google.firebase.components.ComponentRegistrar" />
138-->[com.google.firebase:firebase-auth:21.1.0] AndroidManifest.xml:69:17-82
139        </service>
140
141        <activity
141-->[com.google.android.gms:play-services-auth:20.4.1] AndroidManifest.xml:23:9-27:75
142            android:name="com.google.android.gms.auth.api.signin.internal.SignInHubActivity"
142-->[com.google.android.gms:play-services-auth:20.4.1] AndroidManifest.xml:24:13-93
143            android:excludeFromRecents="true"
143-->[com.google.android.gms:play-services-auth:20.4.1] AndroidManifest.xml:25:13-46
144            android:exported="false"
144-->[com.google.android.gms:play-services-auth:20.4.1] AndroidManifest.xml:26:13-37
145            android:theme="@android:style/Theme.Translucent.NoTitleBar" />
145-->[com.google.android.gms:play-services-auth:20.4.1] AndroidManifest.xml:27:13-72
146        <!--
147            Service handling Google Sign-In user revocation. For apps that do not integrate with
148            Google Sign-In, this service will never be started.
149        -->
150        <service
150-->[com.google.android.gms:play-services-auth:20.4.1] AndroidManifest.xml:33:9-37:51
151            android:name="com.google.android.gms.auth.api.signin.RevocationBoundService"
151-->[com.google.android.gms:play-services-auth:20.4.1] AndroidManifest.xml:34:13-89
152            android:exported="true"
152-->[com.google.android.gms:play-services-auth:20.4.1] AndroidManifest.xml:35:13-36
153            android:permission="com.google.android.gms.auth.api.signin.permission.REVOCATION_NOTIFICATION"
153-->[com.google.android.gms:play-services-auth:20.4.1] AndroidManifest.xml:36:13-107
154            android:visibleToInstantApps="true" />
154-->[com.google.android.gms:play-services-auth:20.4.1] AndroidManifest.xml:37:13-48
155        <service
155-->[com.google.android.gms:play-services-mlkit-text-recognition-common:18.0.0] AndroidManifest.xml:9:9-15:19
156            android:name="com.google.mlkit.common.internal.MlKitComponentDiscoveryService"
156-->[com.google.android.gms:play-services-mlkit-text-recognition-common:18.0.0] AndroidManifest.xml:10:13-91
157            android:directBootAware="true"
157-->[com.google.mlkit:common:18.5.0] AndroidManifest.xml:17:13-43
158            android:exported="false" >
158-->[com.google.android.gms:play-services-mlkit-text-recognition-common:18.0.0] AndroidManifest.xml:11:13-37
159            <meta-data
159-->[com.google.android.gms:play-services-mlkit-text-recognition-common:18.0.0] AndroidManifest.xml:12:13-14:85
160                android:name="com.google.firebase.components:com.google.mlkit.vision.text.internal.TextRegistrar"
160-->[com.google.android.gms:play-services-mlkit-text-recognition-common:18.0.0] AndroidManifest.xml:13:17-114
161                android:value="com.google.firebase.components.ComponentRegistrar" />
161-->[com.google.android.gms:play-services-mlkit-text-recognition-common:18.0.0] AndroidManifest.xml:14:17-82
162            <meta-data
162-->[com.google.mlkit:entity-extraction:16.0.0-beta4] AndroidManifest.xml:14:13-16:85
163                android:name="com.google.firebase.components:com.google.mlkit.nl.entityextraction.internal.EntityExtractionComponentRegistrar"
163-->[com.google.mlkit:entity-extraction:16.0.0-beta4] AndroidManifest.xml:15:17-143
164                android:value="com.google.firebase.components.ComponentRegistrar" />
164-->[com.google.mlkit:entity-extraction:16.0.0-beta4] AndroidManifest.xml:16:17-82
165            <meta-data
165-->[com.google.mlkit:vision-common:17.2.1] AndroidManifest.xml:12:13-14:85
166                android:name="com.google.firebase.components:com.google.mlkit.vision.common.internal.VisionCommonRegistrar"
166-->[com.google.mlkit:vision-common:17.2.1] AndroidManifest.xml:13:17-124
167                android:value="com.google.firebase.components.ComponentRegistrar" />
167-->[com.google.mlkit:vision-common:17.2.1] AndroidManifest.xml:14:17-82
168            <meta-data
168-->[com.google.mlkit:common:18.5.0] AndroidManifest.xml:20:13-22:85
169                android:name="com.google.firebase.components:com.google.mlkit.common.internal.CommonComponentRegistrar"
169-->[com.google.mlkit:common:18.5.0] AndroidManifest.xml:21:17-120
170                android:value="com.google.firebase.components.ComponentRegistrar" />
170-->[com.google.mlkit:common:18.5.0] AndroidManifest.xml:22:17-82
171        </service>
172
173        <provider
173-->[com.google.mlkit:common:18.5.0] AndroidManifest.xml:9:9-13:38
174            android:name="com.google.mlkit.common.internal.MlKitInitProvider"
174-->[com.google.mlkit:common:18.5.0] AndroidManifest.xml:10:13-78
175            android:authorities="com.impax.mgeni.mlkitinitprovider"
175-->[com.google.mlkit:common:18.5.0] AndroidManifest.xml:11:13-69
176            android:exported="false"
176-->[com.google.mlkit:common:18.5.0] AndroidManifest.xml:12:13-37
177            android:initOrder="99" />
177-->[com.google.mlkit:common:18.5.0] AndroidManifest.xml:13:13-35
178
179        <activity
179-->[com.google.firebase:firebase-auth:21.1.0] AndroidManifest.xml:27:9-44:20
180            android:name="com.google.firebase.auth.internal.GenericIdpActivity"
180-->[com.google.firebase:firebase-auth:21.1.0] AndroidManifest.xml:28:13-80
181            android:excludeFromRecents="true"
181-->[com.google.firebase:firebase-auth:21.1.0] AndroidManifest.xml:29:13-46
182            android:exported="true"
182-->[com.google.firebase:firebase-auth:21.1.0] AndroidManifest.xml:30:13-36
183            android:launchMode="singleTask"
183-->[com.google.firebase:firebase-auth:21.1.0] AndroidManifest.xml:31:13-44
184            android:theme="@android:style/Theme.Translucent.NoTitleBar" >
184-->[com.google.firebase:firebase-auth:21.1.0] AndroidManifest.xml:32:13-72
185            <intent-filter>
185-->[com.google.firebase:firebase-auth:21.1.0] AndroidManifest.xml:33:13-43:29
186                <action android:name="android.intent.action.VIEW" />
186-->[com.google.firebase:firebase-auth:21.1.0] AndroidManifest.xml:34:17-69
186-->[com.google.firebase:firebase-auth:21.1.0] AndroidManifest.xml:34:25-66
187
188                <category android:name="android.intent.category.DEFAULT" />
188-->[com.google.firebase:firebase-auth:21.1.0] AndroidManifest.xml:36:17-76
188-->[com.google.firebase:firebase-auth:21.1.0] AndroidManifest.xml:36:27-73
189                <category android:name="android.intent.category.BROWSABLE" />
189-->[com.google.firebase:firebase-auth:21.1.0] AndroidManifest.xml:37:17-78
189-->[com.google.firebase:firebase-auth:21.1.0] AndroidManifest.xml:37:27-75
190
191                <data
191-->[com.google.firebase:firebase-auth:21.1.0] AndroidManifest.xml:39:17-42:51
192                    android:host="firebase.auth"
192-->[com.google.firebase:firebase-auth:21.1.0] AndroidManifest.xml:40:21-49
193                    android:path="/"
193-->[com.google.firebase:firebase-auth:21.1.0] AndroidManifest.xml:41:21-37
194                    android:scheme="genericidp" />
194-->[com.google.firebase:firebase-auth:21.1.0] AndroidManifest.xml:42:21-48
195            </intent-filter>
196        </activity>
197        <activity
197-->[com.google.firebase:firebase-auth:21.1.0] AndroidManifest.xml:45:9-62:20
198            android:name="com.google.firebase.auth.internal.RecaptchaActivity"
198-->[com.google.firebase:firebase-auth:21.1.0] AndroidManifest.xml:46:13-79
199            android:excludeFromRecents="true"
199-->[com.google.firebase:firebase-auth:21.1.0] AndroidManifest.xml:47:13-46
200            android:exported="true"
200-->[com.google.firebase:firebase-auth:21.1.0] AndroidManifest.xml:48:13-36
201            android:launchMode="singleTask"
201-->[com.google.firebase:firebase-auth:21.1.0] AndroidManifest.xml:49:13-44
202            android:theme="@android:style/Theme.Translucent.NoTitleBar" >
202-->[com.google.firebase:firebase-auth:21.1.0] AndroidManifest.xml:50:13-72
203            <intent-filter>
203-->[com.google.firebase:firebase-auth:21.1.0] AndroidManifest.xml:51:13-61:29
204                <action android:name="android.intent.action.VIEW" />
204-->[com.google.firebase:firebase-auth:21.1.0] AndroidManifest.xml:34:17-69
204-->[com.google.firebase:firebase-auth:21.1.0] AndroidManifest.xml:34:25-66
205
206                <category android:name="android.intent.category.DEFAULT" />
206-->[com.google.firebase:firebase-auth:21.1.0] AndroidManifest.xml:36:17-76
206-->[com.google.firebase:firebase-auth:21.1.0] AndroidManifest.xml:36:27-73
207                <category android:name="android.intent.category.BROWSABLE" />
207-->[com.google.firebase:firebase-auth:21.1.0] AndroidManifest.xml:37:17-78
207-->[com.google.firebase:firebase-auth:21.1.0] AndroidManifest.xml:37:27-75
208
209                <data
209-->[com.google.firebase:firebase-auth:21.1.0] AndroidManifest.xml:39:17-42:51
210                    android:host="firebase.auth"
210-->[com.google.firebase:firebase-auth:21.1.0] AndroidManifest.xml:40:21-49
211                    android:path="/"
211-->[com.google.firebase:firebase-auth:21.1.0] AndroidManifest.xml:41:21-37
212                    android:scheme="recaptcha" />
212-->[com.google.firebase:firebase-auth:21.1.0] AndroidManifest.xml:42:21-48
213            </intent-filter>
214        </activity>
215        <activity
215-->[com.google.android.gms:play-services-base:18.1.0] AndroidManifest.xml:20:9-22:45
216            android:name="com.google.android.gms.common.api.GoogleApiActivity"
216-->[com.google.android.gms:play-services-base:18.1.0] AndroidManifest.xml:20:19-85
217            android:exported="false"
217-->[com.google.android.gms:play-services-base:18.1.0] AndroidManifest.xml:22:19-43
218            android:theme="@android:style/Theme.Translucent.NoTitleBar" />
218-->[com.google.android.gms:play-services-base:18.1.0] AndroidManifest.xml:21:19-78
219
220        <provider
220-->[com.google.firebase:firebase-common:20.2.0] AndroidManifest.xml:25:9-30:39
221            android:name="com.google.firebase.provider.FirebaseInitProvider"
221-->[com.google.firebase:firebase-common:20.2.0] AndroidManifest.xml:26:13-77
222            android:authorities="com.impax.mgeni.firebaseinitprovider"
222-->[com.google.firebase:firebase-common:20.2.0] AndroidManifest.xml:27:13-72
223            android:directBootAware="true"
223-->[com.google.firebase:firebase-common:20.2.0] AndroidManifest.xml:28:13-43
224            android:exported="false"
224-->[com.google.firebase:firebase-common:20.2.0] AndroidManifest.xml:29:13-37
225            android:initOrder="100" />
225-->[com.google.firebase:firebase-common:20.2.0] AndroidManifest.xml:30:13-36
226
227        <meta-data
227-->[com.google.android.gms:play-services-basement:18.1.0] AndroidManifest.xml:21:9-23:69
228            android:name="com.google.android.gms.version"
228-->[com.google.android.gms:play-services-basement:18.1.0] AndroidManifest.xml:22:13-58
229            android:value="@integer/google_play_services_version" />
229-->[com.google.android.gms:play-services-basement:18.1.0] AndroidManifest.xml:23:13-66
230
231        <uses-library
231-->[androidx.window:window:1.0.0] AndroidManifest.xml:25:9-27:40
232            android:name="androidx.window.extensions"
232-->[androidx.window:window:1.0.0] AndroidManifest.xml:26:13-54
233            android:required="false" />
233-->[androidx.window:window:1.0.0] AndroidManifest.xml:27:13-37
234        <uses-library
234-->[androidx.window:window:1.0.0] AndroidManifest.xml:28:9-30:40
235            android:name="androidx.window.sidecar"
235-->[androidx.window:window:1.0.0] AndroidManifest.xml:29:13-51
236            android:required="false" />
236-->[androidx.window:window:1.0.0] AndroidManifest.xml:30:13-37
237        <uses-library
237-->[androidx.camera:camera-extensions:1.1.0-beta03] AndroidManifest.xml:31:9-33:40
238            android:name="androidx.camera.extensions.impl"
238-->[androidx.camera:camera-extensions:1.1.0-beta03] AndroidManifest.xml:32:13-59
239            android:required="false" />
239-->[androidx.camera:camera-extensions:1.1.0-beta03] AndroidManifest.xml:33:13-37
240
241        <service
241-->[androidx.camera:camera-camera2:1.2.1] AndroidManifest.xml:24:9-33:19
242            android:name="androidx.camera.core.impl.MetadataHolderService"
242-->[androidx.camera:camera-camera2:1.2.1] AndroidManifest.xml:25:13-75
243            android:enabled="false"
243-->[androidx.camera:camera-camera2:1.2.1] AndroidManifest.xml:26:13-36
244            android:exported="false" >
244-->[androidx.camera:camera-camera2:1.2.1] AndroidManifest.xml:27:13-37
245            <meta-data
245-->[androidx.camera:camera-camera2:1.2.1] AndroidManifest.xml:30:13-32:89
246                android:name="androidx.camera.core.impl.MetadataHolderService.DEFAULT_CONFIG_PROVIDER"
246-->[androidx.camera:camera-camera2:1.2.1] AndroidManifest.xml:31:17-103
247                android:value="androidx.camera.camera2.Camera2Config$DefaultProvider" />
247-->[androidx.camera:camera-camera2:1.2.1] AndroidManifest.xml:32:17-86
248        </service>
249
250        <provider
250-->[androidx.emoji2:emoji2:1.2.0] AndroidManifest.xml:24:9-32:20
251            android:name="androidx.startup.InitializationProvider"
251-->[androidx.emoji2:emoji2:1.2.0] AndroidManifest.xml:25:13-67
252            android:authorities="com.impax.mgeni.androidx-startup"
252-->[androidx.emoji2:emoji2:1.2.0] AndroidManifest.xml:26:13-68
253            android:exported="false" >
253-->[androidx.emoji2:emoji2:1.2.0] AndroidManifest.xml:27:13-37
254            <meta-data
254-->[androidx.emoji2:emoji2:1.2.0] AndroidManifest.xml:29:13-31:52
255                android:name="androidx.emoji2.text.EmojiCompatInitializer"
255-->[androidx.emoji2:emoji2:1.2.0] AndroidManifest.xml:30:17-75
256                android:value="androidx.startup" />
256-->[androidx.emoji2:emoji2:1.2.0] AndroidManifest.xml:31:17-49
257            <meta-data
257-->[androidx.work:work-runtime:2.7.0] AndroidManifest.xml:36:13-38:52
258                android:name="androidx.work.WorkManagerInitializer"
258-->[androidx.work:work-runtime:2.7.0] AndroidManifest.xml:37:17-68
259                android:value="androidx.startup" />
259-->[androidx.work:work-runtime:2.7.0] AndroidManifest.xml:38:17-49
260            <meta-data
260-->[androidx.lifecycle:lifecycle-process:2.4.1] AndroidManifest.xml:31:13-33:52
261                android:name="androidx.lifecycle.ProcessLifecycleInitializer"
261-->[androidx.lifecycle:lifecycle-process:2.4.1] AndroidManifest.xml:32:17-78
262                android:value="androidx.startup" />
262-->[androidx.lifecycle:lifecycle-process:2.4.1] AndroidManifest.xml:33:17-49
263        </provider>
264
265        <service
265-->[androidx.work:work-runtime:2.7.0] AndroidManifest.xml:41:9-46:35
266            android:name="androidx.work.impl.background.systemalarm.SystemAlarmService"
266-->[androidx.work:work-runtime:2.7.0] AndroidManifest.xml:42:13-88
267            android:directBootAware="false"
267-->[androidx.work:work-runtime:2.7.0] AndroidManifest.xml:43:13-44
268            android:enabled="@bool/enable_system_alarm_service_default"
268-->[androidx.work:work-runtime:2.7.0] AndroidManifest.xml:44:13-72
269            android:exported="false" />
269-->[androidx.work:work-runtime:2.7.0] AndroidManifest.xml:45:13-37
270        <service
270-->[androidx.work:work-runtime:2.7.0] AndroidManifest.xml:47:9-53:35
271            android:name="androidx.work.impl.background.systemjob.SystemJobService"
271-->[androidx.work:work-runtime:2.7.0] AndroidManifest.xml:48:13-84
272            android:directBootAware="false"
272-->[androidx.work:work-runtime:2.7.0] AndroidManifest.xml:49:13-44
273            android:enabled="@bool/enable_system_job_service_default"
273-->[androidx.work:work-runtime:2.7.0] AndroidManifest.xml:50:13-70
274            android:exported="true"
274-->[androidx.work:work-runtime:2.7.0] AndroidManifest.xml:51:13-36
275            android:permission="android.permission.BIND_JOB_SERVICE" />
275-->[androidx.work:work-runtime:2.7.0] AndroidManifest.xml:52:13-69
276        <service
276-->[androidx.work:work-runtime:2.7.0] AndroidManifest.xml:54:9-59:35
277            android:name="androidx.work.impl.foreground.SystemForegroundService"
277-->[androidx.work:work-runtime:2.7.0] AndroidManifest.xml:55:13-81
278            android:directBootAware="false"
278-->[androidx.work:work-runtime:2.7.0] AndroidManifest.xml:56:13-44
279            android:enabled="@bool/enable_system_foreground_service_default"
279-->[androidx.work:work-runtime:2.7.0] AndroidManifest.xml:57:13-77
280            android:exported="false" />
280-->[androidx.work:work-runtime:2.7.0] AndroidManifest.xml:58:13-37
281
282        <receiver
282-->[androidx.work:work-runtime:2.7.0] AndroidManifest.xml:61:9-66:35
283            android:name="androidx.work.impl.utils.ForceStopRunnable$BroadcastReceiver"
283-->[androidx.work:work-runtime:2.7.0] AndroidManifest.xml:62:13-88
284            android:directBootAware="false"
284-->[androidx.work:work-runtime:2.7.0] AndroidManifest.xml:63:13-44
285            android:enabled="true"
285-->[androidx.work:work-runtime:2.7.0] AndroidManifest.xml:64:13-35
286            android:exported="false" />
286-->[androidx.work:work-runtime:2.7.0] AndroidManifest.xml:65:13-37
287        <receiver
287-->[androidx.work:work-runtime:2.7.0] AndroidManifest.xml:67:9-77:20
288            android:name="androidx.work.impl.background.systemalarm.ConstraintProxy$BatteryChargingProxy"
288-->[androidx.work:work-runtime:2.7.0] AndroidManifest.xml:68:13-106
289            android:directBootAware="false"
289-->[androidx.work:work-runtime:2.7.0] AndroidManifest.xml:69:13-44
290            android:enabled="false"
290-->[androidx.work:work-runtime:2.7.0] AndroidManifest.xml:70:13-36
291            android:exported="false" >
291-->[androidx.work:work-runtime:2.7.0] AndroidManifest.xml:71:13-37
292            <intent-filter>
292-->[androidx.work:work-runtime:2.7.0] AndroidManifest.xml:73:13-76:29
293                <action android:name="android.intent.action.ACTION_POWER_CONNECTED" />